0 info it worked if it ends with ok
1 verbose cli [ '/usr/local/bin/node', '/usr/local/bin/npm', 'run', 'watch:js' ]
2 info using npm@3.10.10
3 info using node@v7.2.1
4 verbose run-script [ 'prewatch:js', 'watch:js', 'postwatch:js' ]
5 info lifecycle bt-node-mvc@1.0.0~prewatch:js: bt-node-mvc@1.0.0
6 silly lifecycle bt-node-mvc@1.0.0~prewatch:js: no script for prewatch:js, continuing
7 info lifecycle bt-node-mvc@1.0.0~watch:js: bt-node-mvc@1.0.0
8 verbose lifecycle bt-node-mvc@1.0.0~watch:js: unsafe-perm in lifecycle true
9 verbose lifecycle bt-node-mvc@1.0.0~watch:js: PATH: /usr/local/lib/node_modules/npm/bin/node-gyp-bin:/Users/brandonfang/Documents/javascript/bt-node-mvc/node_modules/.bin:/usr/local/bin:/usr/bin:/bin:/usr/sbin:/sbin
10 verbose lifecycle bt-node-mvc@1.0.0~watch:js: CWD: /Users/brandonfang/Documents/javascript/bt-node-mvc
11 silly lifecycle bt-node-mvc@1.0.0~watch:js: Args: [ '-c', 'watch \'node app.js\'' ]
12 info lifecycle bt-node-mvc@1.0.0~watch:js: Failed to exec watch:js script
13 verbose stack Error: bt-node-mvc@1.0.0 watch:js: `watch 'node app.js'`
13 verbose stack spawn ENOENT
13 verbose stack     at ChildProcess.<anonymous> (/usr/local/lib/node_modules/npm/lib/utils/spawn.js:33:16)
13 verbose stack     at emitTwo (events.js:106:13)
13 verbose stack     at ChildProcess.emit (events.js:191:7)
13 verbose stack     at maybeClose (internal/child_process.js:885:16)
13 verbose stack     at Process.ChildProcess._handle.onexit (internal/child_process.js:226:5)
14 verbose pkgid bt-node-mvc@1.0.0
15 verbose cwd /Users/brandonfang/Documents/javascript/bt-node-mvc
16 error Darwin 14.5.0
17 error argv "/usr/local/bin/node" "/usr/local/bin/npm" "run" "watch:js"
18 error node v7.2.1
19 error npm  v3.10.10
20 error file sh
21 error code ELIFECYCLE
22 error errno ENOENT
23 error syscall spawn
24 error bt-node-mvc@1.0.0 watch:js: `watch 'node app.js'`
24 error spawn ENOENT
25 error Failed at the bt-node-mvc@1.0.0 watch:js script 'watch 'node app.js''.
25 error Make sure you have the latest version of node.js and npm installed.
25 error If you do, this is most likely a problem with the bt-node-mvc package,
25 error not with npm itself.
25 error Tell the author that this fails on your system:
25 error     watch 'node app.js'
25 error You can get information on how to open an issue for this project with:
25 error     npm bugs bt-node-mvc
25 error Or if that isn't available, you can get their info via:
25 error     npm owner ls bt-node-mvc
25 error There is likely additional logging output above.
26 verbose exit [ 1, true ]
